<?xml version="1.0" encoding="UTF-8"?>
<coverage generated="1790287480">
  <project timestamp="1790287480" name="Clover Coverage">
    <package name="App\Ai\Agents">
      <file name="C:\PROJECTS\PACOTES\FILAMENTS\STARTER-KIT-EASY\starter-kit-easy\app\Ai\Agents\AgenteBase.php">
        <class name="App\Ai\Agents\AgenteBase" namespace="App\Ai\Agents">
          <metrics complexity="8" methods="7" coveredmethods="7" conditionals="0" coveredconditionals="0" statements="13" coveredstatements="13" elements="20" coveredelements="20"/>
        </class>
        <line num="45" type="method" name="agente" visibility="public" complexity="1" crap="1" count="10"/>
        <line num="47" type="stmt" count="10"/>
        <line num="48" type="stmt" count="1"/>
        <line num="52" type="method" name="instructions" visibility="public" complexity="1" crap="1" count="3"/>
        <line num="54" type="stmt" count="3"/>
        <line num="66" type="method" name="middleware" visibility="public" complexity="2" crap="2" count="8"/>
        <line num="68" type="stmt" count="8"/>
        <line num="70" type="stmt" count="8"/>
        <line num="71" type="stmt" count="1"/>
        <line num="72" type="stmt" count="1"/>
        <line num="73" type="stmt" count="1"/>
        <line num="76" type="stmt" count="7"/>
        <line num="80" type="method" name="estaAtivo" visibility="public" complexity="1" crap="1" count="5"/>
        <line num="82" type="stmt" count="5"/>
        <line num="90" type="method" name="provider" visibility="public" complexity="1" crap="1" count="7"/>
        <line num="92" type="stmt" count="7"/>
        <line num="96" type="method" name="model" visibility="public" complexity="1" crap="1" count="7"/>
        <line num="98" type="stmt" count="7"/>
        <line num="107" type="method" name="timeout" visibility="public" complexity="1" crap="1" count="7"/>
        <line num="109" type="stmt" count="7"/>
        <metrics loc="112" ncloc="67" classes="1" methods="7" coveredmethods="7" conditionals="0" coveredconditionals="0" statements="13" coveredstatements="13" elements="20" coveredelements="20"/>
      </file>
      <file name="C:\PROJECTS\PACOTES\FILAMENTS\STARTER-KIT-EASY\starter-kit-easy\app\Ai\Agents\Assistente.php">
        <class name="App\Ai\Agents\Assistente" namespace="App\Ai\Agents">
          <metrics complexity="6" methods="5" coveredmethods="5" conditionals="0" coveredconditionals="0" statements="19" coveredstatements="19" elements="24" coveredelements="24"/>
        </class>
        <line num="30" type="method" name="__construct" visibility="public" complexity="1" crap="1" count="10"/>
        <line num="32" type="method" name="slug" visibility="public" complexity="1" crap="1" count="10"/>
        <line num="34" type="stmt" count="10"/>
        <line num="41" type="method" name="instructions" visibility="public" complexity="2" crap="2" count="5"/>
        <line num="43" type="stmt" count="5"/>
        <line num="44" type="stmt" count="1"/>
        <line num="45" type="stmt" count="1"/>
        <line num="46" type="stmt" count="1"/>
        <line num="47" type="stmt" count="1"/>
        <line num="49" type="stmt" count="1"/>
        <line num="52" type="stmt" count="3"/>
        <line num="61" type="method" name="middleware" visibility="public" complexity="1" crap="1" count="8"/>
        <line num="63" type="stmt" count="8"/>
        <line num="82" type="method" name="tools" visibility="public" complexity="1" crap="1" count="3"/>
        <line num="85" type="stmt" count="3"/>
        <line num="86" type="stmt" count="3"/>
        <line num="87" type="stmt" count="3"/>
        <line num="92" type="stmt" count="3"/>
        <line num="93" type="stmt" count="3"/>
        <line num="94" type="stmt" count="3"/>
        <line num="95" type="stmt" count="3"/>
        <line num="96" type="stmt" count="3"/>
        <line num="97" type="stmt" count="3"/>
        <metrics loc="100" ncloc="58" classes="1" methods="5" coveredmethods="5" conditionals="0" coveredconditionals="0" statements="19" coveredstatements="19" elements="24" coveredelements="24"/>
      </file>
      <file name="C:\PROJECTS\PACOTES\FILAMENTS\STARTER-KIT-EASY\starter-kit-easy\app\Ai\Agents\GuardaPrompt.php">
        <class name="App\Ai\Agents\GuardaPrompt" namespace="App\Ai\Agents">
          <metrics complexity="3" methods="3" coveredmethods="3" conditionals="0" coveredconditionals="0" statements="14" coveredstatements="14" elements="17" coveredelements="17"/>
        </class>
        <line num="27" type="method" name="slug" visibility="public" complexity="1" crap="1" count="3"/>
        <line num="29" type="stmt" count="3"/>
        <line num="42" type="method" name="middleware" visibility="public" complexity="1" crap="1" count="3"/>
        <line num="44" type="stmt" count="3"/>
        <line num="50" type="method" name="schema" visibility="public" complexity="1" crap="1" count="3"/>
        <line num="52" type="stmt" count="3"/>
        <line num="53" type="stmt" count="3"/>
        <line num="54" type="stmt" count="3"/>
        <line num="55" type="stmt" count="3"/>
        <line num="56" type="stmt" count="3"/>
        <line num="57" type="stmt" count="3"/>
        <line num="58" type="stmt" count="3"/>
        <line num="59" type="stmt" count="3"/>
        <line num="60" type="stmt" count="3"/>
        <line num="61" type="stmt" count="3"/>
        <line num="62" type="stmt" count="3"/>
        <line num="63" type="stmt" count="3"/>
        <metrics loc="66" ncloc="39" classes="1" methods="3" coveredmethods="3" conditionals="0" coveredconditionals="0" statements="14" coveredstatements="14" elements="17" coveredelements="17"/>
      </file>
    </package>
    <package name="App\Ai\Exceptions">
      <file name="C:\PROJECTS\PACOTES\FILAMENTS\STARTER-KIT-EASY\starter-kit-easy\app\Ai\Exceptions\AgenteInativoException.php">
        <class name="App\Ai\Exceptions\AgenteInativoException" namespace="App\Ai\Exceptions">
          <metrics complexity="0" methods="0" coveredmethods="0" conditionals="0" coveredconditionals="0" statements="0" coveredstatements="0" elements="0" coveredelements="0"/>
        </class>
        <metrics loc="12" ncloc="8" classes="0" methods="0" coveredmethods="0" conditionals="0" coveredconditionals="0" statements="0" coveredstatements="0" elements="0" coveredelements="0"/>
      </file>
      <file name="C:\PROJECTS\PACOTES\FILAMENTS\STARTER-KIT-EASY\starter-kit-easy\app\Ai\Exceptions\AgenteSemGuardrailsException.php">
        <class name="App\Ai\Exceptions\AgenteSemGuardrailsException" namespace="App\Ai\Exceptions">
          <metrics complexity="0" methods="0" coveredmethods="0" conditionals="0" coveredconditionals="0" statements="0" coveredstatements="0" elements="0" coveredelements="0"/>
        </class>
        <metrics loc="16" ncloc="8" classes="0" methods="0" coveredmethods="0" conditionals="0" coveredconditionals="0" statements="0" coveredstatements="0" elements="0" coveredelements="0"/>
      </file>
      <file name="C:\PROJECTS\PACOTES\FILAMENTS\STARTER-KIT-EASY\starter-kit-easy\app\Ai\Exceptions\PromptInjecaoBloqueadaException.php">
        <class name="App\Ai\Exceptions\PromptInjecaoBloqueadaException" namespace="App\Ai\Exceptions">
          <metrics complexity="0" methods="0" coveredmethods="0" conditionals="0" coveredconditionals="0" statements="0" coveredstatements="0" elements="0" coveredelements="0"/>
        </class>
        <metrics loc="20" ncloc="12" classes="0" methods="0" coveredmethods="0" conditionals="0" coveredconditionals="0" statements="0" coveredstatements="0" elements="0" coveredelements="0"/>
      </file>
    </package>
    <package name="App\Ai\Guardrails">
      <file name="C:\PROJECTS\PACOTES\FILAMENTS\STARTER-KIT-EASY\starter-kit-easy\app\Ai\Guardrails\FiltroSaidaSensivelMiddleware.php">
        <class name="App\Ai\Guardrails\FiltroSaidaSensivelMiddleware" namespace="App\Ai\Guardrails">
          <metrics complexity="6" methods="2" coveredmethods="0" conditionals="0" coveredconditionals="0" statements="23" coveredstatements="10" elements="25" coveredelements="10"/>
        </class>
        <line num="40" type="method" name="handle" visibility="public" complexity="3" crap="6.17" count="3"/>
        <line num="42" type="stmt" count="3"/>
        <line num="43" type="stmt" count="3"/>
        <line num="45" type="stmt" count="3"/>
        <line num="46" type="stmt" count="3"/>
        <line num="49" type="stmt" count="0"/>
        <line num="51" type="stmt" count="0"/>
        <line num="53" type="stmt" count="0"/>
        <line num="54" type="stmt" count="0"/>
        <line num="55" type="stmt" count="0"/>
        <line num="56" type="stmt" count="0"/>
        <line num="57" type="stmt" count="0"/>
        <line num="59" type="stmt" count="0"/>
        <line num="60" type="stmt" count="0"/>
        <line num="61" type="stmt" count="0"/>
        <line num="62" type="stmt" count="0"/>
        <line num="63" type="stmt" count="0"/>
        <line num="64" type="stmt" count="3"/>
        <line num="73" type="method" name="redigir" visibility="private" complexity="3" crap="3.04" count="3"/>
        <line num="75" type="stmt" count="3"/>
        <line num="77" type="stmt" count="3"/>
        <line num="78" type="stmt" count="3"/>
        <line num="80" type="stmt" count="3"/>
        <line num="81" type="stmt" count="0"/>
        <line num="85" type="stmt" count="3"/>
        <metrics loc="88" ncloc="62" classes="1" methods="2" coveredmethods="0" conditionals="0" coveredconditionals="0" statements="23" coveredstatements="10" elements="25" coveredelements="10"/>
      </file>
      <file name="C:\PROJECTS\PACOTES\FILAMENTS\STARTER-KIT-EASY\starter-kit-easy\app\Ai\Guardrails\GarantirPromptSeguroMiddleware.php">
        <class name="App\Ai\Guardrails\GarantirPromptSeguroMiddleware" namespace="App\Ai\Guardrails">
          <metrics complexity="7" methods="2" coveredmethods="1" conditionals="0" coveredconditionals="0" statements="31" coveredstatements="17" elements="33" coveredelements="18"/>
        </class>
        <line num="29" type="method" name="handle" visibility="public" complexity="4" crap="12.94" count="3"/>
        <line num="31" type="stmt" count="3"/>
        <line num="37" type="stmt" count="3"/>
        <line num="38" type="stmt" count="3"/>
        <line num="41" type="stmt" count="0"/>
        <line num="42" type="stmt" count="0"/>
        <line num="44" type="stmt" count="0"/>
        <line num="45" type="stmt" count="0"/>
        <line num="46" type="stmt" count="0"/>
        <line num="47" type="stmt" count="0"/>
        <line num="48" type="stmt" count="0"/>
        <line num="49" type="stmt" count="0"/>
        <line num="50" type="stmt" count="0"/>
        <line num="53" type="stmt" count="0"/>
        <line num="54" type="stmt" count="0"/>
        <line num="55" type="stmt" count="0"/>
        <line num="56" type="stmt" count="0"/>
        <line num="58" type="stmt" count="0"/>
        <line num="69" type="method" name="classificar" visibility="private" complexity="3" crap="3" count="3"/>
        <line num="72" type="stmt" count="3"/>
        <line num="78" type="stmt" count="2"/>
        <line num="79" type="stmt" count="1"/>
        <line num="89" type="stmt" count="1"/>
        <line num="90" type="stmt" count="1"/>
        <line num="91" type="stmt" count="1"/>
        <line num="92" type="stmt" count="1"/>
        <line num="94" type="stmt" count="1"/>
        <line num="95" type="stmt" count="1"/>
        <line num="96" type="stmt" count="1"/>
        <line num="97" type="stmt" count="1"/>
        <line num="98" type="stmt" count="1"/>
        <line num="99" type="stmt" count="1"/>
        <line num="101" type="stmt" count="1"/>
        <metrics loc="105" ncloc="68" classes="1" methods="2" coveredmethods="1" conditionals="0" coveredconditionals="0" statements="31" coveredstatements="17" elements="33" coveredelements="18"/>
      </file>
      <file name="C:\PROJECTS\PACOTES\FILAMENTS\STARTER-KIT-EASY\starter-kit-easy\app\Ai\Guardrails\GuardrailRegistry.php">
        <class name="App\Ai\Guardrails\GuardrailRegistry" namespace="App\Ai\Guardrails">
          <metrics complexity="1" methods="1" coveredmethods="1" conditionals="0" coveredconditionals="0" statements="4" coveredstatements="4" elements="5" coveredelements="5"/>
        </class>
        <line num="38" type="method" name="resolver" visibility="public" complexity="1" crap="1" count="9"/>
        <line num="40" type="stmt" count="9"/>
        <line num="41" type="stmt" count="9"/>
        <line num="43" type="stmt" count="8"/>
        <line num="44" type="stmt" count="9"/>
        <metrics loc="47" ncloc="25" classes="1" methods="1" coveredmethods="1" conditionals="0" coveredconditionals="0" statements="4" coveredstatements="4" elements="5" coveredelements="5"/>
      </file>
      <file name="C:\PROJECTS\PACOTES\FILAMENTS\STARTER-KIT-EASY\starter-kit-easy\app\Ai\Guardrails\PiiRedactor.php">
        <class name="App\Ai\Guardrails\PiiRedactor" namespace="App\Ai\Guardrails">
          <metrics complexity="5" methods="2" coveredmethods="1" conditionals="0" coveredconditionals="0" statements="8" coveredstatements="3" elements="10" coveredelements="4"/>
        </class>
        <line num="27" type="method" name="redigir" visibility="public" complexity="2" crap="2" count="3"/>
        <line num="29" type="stmt" count="3"/>
        <line num="30" type="stmt" count="3"/>
        <line num="33" type="stmt" count="3"/>
        <line num="41" type="method" name="tiposDetectados" visibility="public" complexity="3" crap="12" count="0"/>
        <line num="43" type="stmt" count="0"/>
        <line num="45" type="stmt" count="0"/>
        <line num="46" type="stmt" count="0"/>
        <line num="47" type="stmt" count="0"/>
        <line num="51" type="stmt" count="0"/>
        <metrics loc="54" ncloc="39" classes="1" methods="2" coveredmethods="1" conditionals="0" coveredconditionals="0" statements="8" coveredstatements="3" elements="10" coveredelements="4"/>
      </file>
      <file name="C:\PROJECTS\PACOTES\FILAMENTS\STARTER-KIT-EASY\starter-kit-easy\app\Ai\Guardrails\PiiRedactorMiddleware.php">
        <class name="App\Ai\Guardrails\PiiRedactorMiddleware" namespace="App\Ai\Guardrails">
          <metrics complexity="3" methods="2" coveredmethods="1" conditionals="0" coveredconditionals="0" statements="10" coveredstatements="5" elements="12" coveredelements="6"/>
        </class>
        <line num="18" type="method" name="__construct" visibility="public" complexity="1" crap="1" count="8"/>
        <line num="20" type="method" name="handle" visibility="public" complexity="2" crap="2.69" count="3"/>
        <line num="22" type="stmt" count="3"/>
        <line num="23" type="stmt" count="3"/>
        <line num="25" type="stmt" count="3"/>
        <line num="26" type="stmt" count="0"/>
        <line num="27" type="stmt" count="0"/>
        <line num="28" type="stmt" count="0"/>
        <line num="29" type="stmt" count="0"/>
        <line num="31" type="stmt" count="0"/>
        <line num="34" type="stmt" count="3"/>
        <metrics loc="37" ncloc="30" classes="1" methods="2" coveredmethods="1" conditionals="0" coveredconditionals="0" statements="10" coveredstatements="5" elements="12" coveredelements="6"/>
      </file>
      <file name="C:\PROJECTS\PACOTES\FILAMENTS\STARTER-KIT-EASY\starter-kit-easy\app\Ai\Guardrails\PromptInjectionGuardMiddleware.php">
        <class name="App\Ai\Guardrails\PromptInjectionGuardMiddleware" namespace="App\Ai\Guardrails">
          <metrics complexity="5" methods="2" coveredmethods="2" conditionals="0" coveredconditionals="0" statements="17" coveredstatements="17" elements="19" coveredelements="19"/>
        </class>
        <line num="69" type="method" name="handle" visibility="public" complexity="2" crap="2" count="7"/>
        <line num="71" type="stmt" count="7"/>
        <line num="73" type="stmt" count="7"/>
        <line num="74" type="stmt" count="4"/>
        <line num="75" type="stmt" count="4"/>
        <line num="76" type="stmt" count="4"/>
        <line num="77" type="stmt" count="4"/>
        <line num="78" type="stmt" count="4"/>
        <line num="80" type="stmt" count="4"/>
        <line num="81" type="stmt" count="4"/>
        <line num="82" type="stmt" count="4"/>
        <line num="84" type="stmt" count="4"/>
        <line num="87" type="stmt" count="3"/>
        <line num="95" type="method" name="casar" visibility="private" complexity="3" crap="3" count="7"/>
        <line num="97" type="stmt" count="7"/>
        <line num="99" type="stmt" count="7"/>
        <line num="100" type="stmt" count="7"/>
        <line num="101" type="stmt" count="4"/>
        <line num="105" type="stmt" count="7"/>
        <metrics loc="108" ncloc="73" classes="1" methods="2" coveredmethods="2" conditionals="0" coveredconditionals="0" statements="17" coveredstatements="17" elements="19" coveredelements="19"/>
      </file>
    </package>
    <package name="App\Ai\Health">
      <file name="C:\PROJECTS\PACOTES\FILAMENTS\STARTER-KIT-EASY\starter-kit-easy\app\Ai\Health\LocalAiCheck.php">
        <class name="App\Ai\Health\LocalAiCheck" namespace="App\Ai\Health">
          <metrics complexity="7" methods="4" coveredmethods="2" conditionals="0" coveredconditionals="0" statements="18" coveredstatements="10" elements="22" coveredelements="12"/>
        </class>
        <line num="24" type="method" name="checksFor" visibility="public" complexity="4" crap="4.59" count="2877"/>
        <line num="26" type="stmt" count="2877"/>
        <line num="27" type="stmt" count="2877"/>
        <line num="28" type="stmt" count="2877"/>
        <line num="29" type="stmt" count="2877"/>
        <line num="30" type="stmt" count="2877"/>
        <line num="31" type="stmt" count="0"/>
        <line num="32" type="stmt" count="0"/>
        <line num="33" type="stmt" count="0"/>
        <line num="34" type="stmt" count="2877"/>
        <line num="38" type="method" name="endpoint" visibility="protected" complexity="1" crap="1" count="2877"/>
        <line num="43" type="stmt" count="2877"/>
        <line num="44" type="stmt" count="2877"/>
        <line num="46" type="stmt" count="2877"/>
        <line num="53" type="method" name="base" visibility="protected" complexity="1" crap="1" count="2877"/>
        <line num="55" type="stmt" count="2877"/>
        <line num="62" type="method" name="failedResult" visibility="protected" complexity="1" crap="2" count="0"/>
        <line num="64" type="stmt" count="0"/>
        <line num="65" type="stmt" count="0"/>
        <line num="66" type="stmt" count="0"/>
        <line num="67" type="stmt" count="0"/>
        <line num="69" type="stmt" count="0"/>
        <metrics loc="72" ncloc="48" classes="1" methods="4" coveredmethods="2" conditionals="0" coveredconditionals="0" statements="18" coveredstatements="10" elements="22" coveredelements="12"/>
      </file>
    </package>
    <package name="App\Ai\Listeners">
      <file name="C:\PROJECTS\PACOTES\FILAMENTS\STARTER-KIT-EASY\starter-kit-easy\app\Ai\Listeners\RegistrarAiRun.php">
        <class name="App\Ai\Listeners\RegistrarAiRun" namespace="App\Ai\Listeners">
          <metrics complexity="8" methods="1" coveredmethods="0" conditionals="0" coveredconditionals="0" statements="39" coveredstatements="34" elements="40" coveredelements="34"/>
        </class>
        <line num="30" type="method" name="handle" visibility="public" complexity="8" crap="8.13" count="3"/>
        <line num="33" type="stmt" count="3"/>
        <line num="34" type="stmt" count="3"/>
        <line num="35" type="stmt" count="3"/>
        <line num="37" type="stmt" count="3"/>
        <line num="38" type="stmt" count="3"/>
        <line num="39" type="stmt" count="3"/>
        <line num="40" type="stmt" count="3"/>
        <line num="41" type="stmt" count="3"/>
        <line num="42" type="stmt" count="3"/>
        <line num="44" type="stmt" count="3"/>
        <line num="48" type="stmt" count="3"/>
        <line num="49" type="stmt" count="3"/>
        <line num="50" type="stmt" count="3"/>
        <line num="54" type="stmt" count="3"/>
        <line num="55" type="stmt" count="3"/>
        <line num="56" type="stmt" count="3"/>
        <line num="57" type="stmt" count="3"/>
        <line num="58" type="stmt" count="3"/>
        <line num="59" type="stmt" count="3"/>
        <line num="60" type="stmt" count="3"/>
        <line num="61" type="stmt" count="3"/>
        <line num="62" type="stmt" count="3"/>
        <line num="63" type="stmt" count="3"/>
        <line num="64" type="stmt" count="3"/>
        <line num="65" type="stmt" count="3"/>
        <line num="66" type="stmt" count="3"/>
        <line num="67" type="stmt" count="3"/>
        <line num="68" type="stmt" count="3"/>
        <line num="71" type="stmt" count="3"/>
        <line num="72" type="stmt" count="3"/>
        <line num="73" type="stmt" count="3"/>
        <line num="74" type="stmt" count="3"/>
        <line num="75" type="stmt" count="3"/>
        <line num="76" type="stmt" count="3"/>
        <line num="77" type="stmt" count="0"/>
        <line num="78" type="stmt" count="0"/>
        <line num="79" type="stmt" count="0"/>
        <line num="80" type="stmt" count="0"/>
        <line num="81" type="stmt" count="0"/>
        <metrics loc="85" ncloc="64" classes="1" methods="1" coveredmethods="0" conditionals="0" coveredconditionals="0" statements="39" coveredstatements="34" elements="40" coveredelements="34"/>
      </file>
    </package>
    <package name="App\Ai\Middleware">
      <file name="C:\PROJECTS\PACOTES\FILAMENTS\STARTER-KIT-EASY\starter-kit-easy\app\Ai\Middleware\AiAuditMiddleware.php">
        <class name="App\Ai\Middleware\AiAuditMiddleware" namespace="App\Ai\Middleware">
          <metrics complexity="8" methods="2" coveredmethods="1" conditionals="0" coveredconditionals="0" statements="35" coveredstatements="29" elements="37" coveredelements="30"/>
        </class>
        <line num="25" type="method" name="handle" visibility="public" complexity="4" crap="4.16" count="3"/>
        <line num="27" type="stmt" count="3"/>
        <line num="28" type="stmt" count="3"/>
        <line num="29" type="stmt" count="3"/>
        <line num="31" type="stmt" count="3"/>
        <line num="32" type="stmt" count="3"/>
        <line num="33" type="stmt" count="3"/>
        <line num="34" type="stmt" count="3"/>
        <line num="36" type="stmt" count="3"/>
        <line num="39" type="stmt" count="3"/>
        <line num="40" type="stmt" count="0"/>
        <line num="41" type="stmt" count="0"/>
        <line num="42" type="stmt" count="0"/>
        <line num="43" type="stmt" count="0"/>
        <line num="44" type="stmt" count="0"/>
        <line num="46" type="stmt" count="0"/>
        <line num="49" type="stmt" count="3"/>
        <line num="51" type="stmt" count="3"/>
        <line num="52" type="stmt" count="3"/>
        <line num="53" type="stmt" count="3"/>
        <line num="54" type="stmt" count="3"/>
        <line num="57" type="stmt" count="3"/>
        <line num="58" type="stmt" count="3"/>
        <line num="59" type="stmt" count="3"/>
        <line num="60" type="stmt" count="3"/>
        <line num="61" type="stmt" count="3"/>
        <line num="62" type="stmt" count="3"/>
        <line num="63" type="stmt" count="3"/>
        <line num="65" type="stmt" count="3"/>
        <line num="73" type="method" name="contextoBase" visibility="private" complexity="4" crap="4" count="3"/>
        <line num="75" type="stmt" count="3"/>
        <line num="76" type="stmt" count="3"/>
        <line num="77" type="stmt" count="3"/>
        <line num="78" type="stmt" count="3"/>
        <line num="79" type="stmt" count="3"/>
        <line num="80" type="stmt" count="3"/>
        <line num="81" type="stmt" count="3"/>
        <metrics loc="84" ncloc="65" classes="1" methods="2" coveredmethods="1" conditionals="0" coveredconditionals="0" statements="35" coveredstatements="29" elements="37" coveredelements="30"/>
      </file>
      <file name="C:\PROJECTS\PACOTES\FILAMENTS\STARTER-KIT-EASY\starter-kit-easy\app\Ai\Middleware\BudgetGuardMiddleware.php">
        <class name="App\Ai\Middleware\BudgetGuardMiddleware" namespace="App\Ai\Middleware">
          <metrics complexity="3" methods="1" coveredmethods="0" conditionals="0" coveredconditionals="0" statements="15" coveredstatements="5" elements="16" coveredelements="5"/>
        </class>
        <line num="30" type="method" name="handle" visibility="public" complexity="3" crap="5.67" count="7"/>
        <line num="32" type="stmt" count="7"/>
        <line num="33" type="stmt" count="7"/>
        <line num="34" type="stmt" count="7"/>
        <line num="36" type="stmt" count="7"/>
        <line num="37" type="stmt" count="7"/>
        <line num="43" type="stmt" count="0"/>
        <line num="45" type="stmt" count="0"/>
        <line num="46" type="stmt" count="0"/>
        <line num="49" type="stmt" count="0"/>
        <line num="50" type="stmt" count="0"/>
        <line num="51" type="stmt" count="0"/>
        <line num="52" type="stmt" count="0"/>
        <line num="54" type="stmt" count="0"/>
        <line num="55" type="stmt" count="0"/>
        <line num="56" type="stmt" count="0"/>
        <metrics loc="59" ncloc="40" classes="1" methods="1" coveredmethods="0" conditionals="0" coveredconditionals="0" statements="15" coveredstatements="5" elements="16" coveredelements="5"/>
      </file>
    </package>
    <package name="App\Ai\Support">
      <file name="C:\PROJECTS\PACOTES\FILAMENTS\STARTER-KIT-EASY\starter-kit-easy\app\Ai\Support\ResolvedorDeTenant.php">
        <class name="App\Ai\Support\ResolvedorDeTenant" namespace="App\Ai\Support">
          <metrics complexity="1" methods="1" coveredmethods="1" conditionals="0" coveredconditionals="0" statements="2" coveredstatements="2" elements="3" coveredelements="3"/>
        </class>
        <line num="21" type="method" name="id" visibility="public" complexity="1" crap="1" count="7"/>
        <line num="23" type="stmt" count="7"/>
        <line num="25" type="stmt" count="7"/>
        <metrics loc="28" ncloc="16" classes="1" methods="1" coveredmethods="1" conditionals="0" coveredconditionals="0" statements="2" coveredstatements="2" elements="3" coveredelements="3"/>
      </file>
    </package>
    <package name="App\Console\Commands">
      <file name="C:\PROJECTS\PACOTES\FILAMENTS\STARTER-KIT-EASY\starter-kit-easy\app\Console\Commands\KitAdmin.php">
        <class name="App\Console\Commands\KitAdmin" namespace="App\Console\Commands">
          <metrics complexity="35" methods="6" coveredmethods="3" conditionals="0" coveredconditionals="0" statements="89" coveredstatements="60" elements="95" coveredelements="63"/>
        </class>
        <line num="36" type="method" name="handle" visibility="public" complexity="10" crap="11.74" count="5"/>
        <line num="38" type="stmt" count="5"/>
        <line num="40" type="stmt" count="5"/>
        <line num="41" type="stmt" count="0"/>
        <line num="42" type="stmt" count="0"/>
        <line num="43" type="stmt" count="0"/>
        <line num="44" type="stmt" count="0"/>
        <line num="46" type="stmt" count="0"/>
        <line num="55" type="stmt" count="5"/>
        <line num="56" type="stmt" count="1"/>
        <line num="57" type="stmt" count="1"/>
        <line num="58" type="stmt" count="1"/>
        <line num="59" type="stmt" count="1"/>
        <line num="61" type="stmt" count="1"/>
        <line num="67" type="stmt" count="4"/>
        <line num="69" type="stmt" count="4"/>
        <line num="71" type="stmt" count="4"/>
        <line num="73" type="stmt" count="4"/>
        <line num="74" type="stmt" count="1"/>
        <line num="76" type="stmt" count="1"/>
        <line num="79" type="stmt" count="3"/>
        <line num="80" type="stmt" count="1"/>
        <line num="82" type="stmt" count="1"/>
        <line num="85" type="stmt" count="2"/>
        <line num="86" type="stmt" count="0"/>
        <line num="88" type="stmt" count="0"/>
        <line num="91" type="stmt" count="2"/>
        <line num="93" type="stmt" count="2"/>
        <line num="105" type="method" name="coletar" visibility="private" complexity="10" crap="43.18" count="4"/>
        <line num="107" type="stmt" count="4"/>
        <line num="108" type="stmt" count="4"/>
        <line num="110" type="stmt" count="4"/>
        <line num="111" type="stmt" count="4"/>
        <line num="112" type="stmt" count="1"/>
        <line num="113" type="stmt" count="1"/>
        <line num="114" type="stmt" count="1"/>
        <line num="117" type="stmt" count="4"/>
        <line num="120" type="stmt" count="0"/>
        <line num="121" type="stmt" count="0"/>
        <line num="122" type="stmt" count="0"/>
        <line num="123" type="stmt" count="0"/>
        <line num="124" type="stmt" count="0"/>
        <line num="125" type="stmt" count="0"/>
        <line num="126" type="stmt" count="0"/>
        <line num="127" type="stmt" count="0"/>
        <line num="128" type="stmt" count="0"/>
        <line num="131" type="stmt" count="0"/>
        <line num="133" type="stmt" count="0"/>
        <line num="134" type="stmt" count="0"/>
        <line num="135" type="stmt" count="0"/>
        <line num="136" type="stmt" count="0"/>
        <line num="137" type="stmt" count="0"/>
        <line num="138" type="stmt" count="0"/>
        <line num="139" type="stmt" count="0"/>
        <line num="142" type="stmt" count="0"/>
        <line num="145" type="method" name="limpar" visibility="private" complexity="3" crap="3" count="4"/>
        <line num="147" type="stmt" count="4"/>
        <line num="149" type="stmt" count="4"/>
        <line num="159" type="method" name="emailEmUso" visibility="private" complexity="1" crap="1" count="3"/>
        <line num="161" type="stmt" count="3"/>
        <line num="162" type="stmt" count="3"/>
        <line num="163" type="stmt" count="3"/>
        <line num="166" type="method" name="confirmar" visibility="private" complexity="5" crap="6.20" count="2"/>
        <line num="168" type="stmt" count="2"/>
        <line num="170" type="stmt" count="2"/>
        <line num="171" type="stmt" count="2"/>
        <line num="174" type="stmt" count="2"/>
        <line num="175" type="stmt" count="2"/>
        <line num="178" type="stmt" count="2"/>
        <line num="179" type="stmt" count="2"/>
        <line num="182" type="stmt" count="0"/>
        <line num="183" type="stmt" count="0"/>
        <line num="185" type="stmt" count="0"/>
        <line num="188" type="stmt" count="0"/>
        <line num="191" type="method" name="aplicar" visibility="private" complexity="6" crap="6" count="2"/>
        <line num="193" type="stmt" count="2"/>
        <line num="195" type="stmt" count="2"/>
        <line num="196" type="stmt" count="2"/>
        <line num="203" type="stmt" count="2"/>
        <line num="204" type="stmt" count="2"/>
        <line num="208" type="stmt" count="2"/>
        <line num="210" type="stmt" count="2"/>
        <line num="213" type="stmt" count="2"/>
        <line num="220" type="stmt" count="2"/>
        <line num="221" type="stmt" count="2"/>
        <line num="222" type="stmt" count="2"/>
        <line num="223" type="stmt" count="2"/>
        <line num="224" type="stmt" count="2"/>
        <line num="225" type="stmt" count="2"/>
        <line num="226" type="stmt" count="2"/>
        <line num="227" type="stmt" count="2"/>
        <line num="228" type="stmt" count="2"/>
        <line num="230" type="stmt" count="2"/>
        <line num="232" type="stmt" count="2"/>
        <line num="233" type="stmt" count="2"/>
        <metrics loc="237" ncloc="188" classes="1" methods="6" coveredmethods="3" conditionals="0" coveredconditionals="0" statements="89" coveredstatements="60" elements="95" coveredelements="63"/>
      </file>
      <file name="C:\PROJECTS\PACOTES\FILAMENTS\STARTER-KIT-EASY\starter-kit-easy\app\Console\Commands\KitArte.php">
        <class name="App\Console\Commands\KitArte" namespace="App\Console\Commands">
          <metrics complexity="14" methods="3" coveredmethods="0" conditionals="0" coveredconditionals="0" statements="61" coveredstatements="0" elements="64" coveredelements="0"/>
        </class>
        <line num="98" type="method" name="handle" visibility="public" complexity="5" crap="30" count="0"/>
        <line num="100" type="stmt" count="0"/>
        <line num="102" type="stmt" count="0"/>
        <line num="103" type="stmt" count="0"/>
        <line num="105" type="stmt" count="0"/>
        <line num="108" type="stmt" count="0"/>
        <line num="110" type="stmt" count="0"/>
        <line num="111" type="stmt" count="0"/>
        <line num="113" type="stmt" count="0"/>
        <line num="116" type="stmt" count="0"/>
        <line num="117" type="stmt" count="0"/>
        <line num="120" type="stmt" count="0"/>
        <line num="124" type="method" name="publicar" visibility="private" complexity="5" crap="30" count="0"/>
        <line num="126" type="stmt" count="0"/>
        <line num="128" type="stmt" count="0"/>
        <line num="129" type="stmt" count="0"/>
        <line num="131" type="stmt" count="0"/>
        <line num="132" type="stmt" count="0"/>
        <line num="134" type="stmt" count="0"/>
        <line num="135" type="stmt" count="0"/>
        <line num="138" type="stmt" count="0"/>
        <line num="139" type="stmt" count="0"/>
        <line num="141" type="stmt" count="0"/>
        <line num="144" type="stmt" count="0"/>
        <line num="151" type="stmt" count="0"/>
        <line num="152" type="stmt" count="0"/>
        <line num="153" type="stmt" count="0"/>
        <line num="155" type="stmt" count="0"/>
        <line num="157" type="stmt" count="0"/>
        <line num="164" type="stmt" count="0"/>
        <line num="165" type="stmt" count="0"/>
        <line num="166" type="stmt" count="0"/>
        <line num="167" type="stmt" count="0"/>
        <line num="170" type="stmt" count="0"/>
        <line num="186" type="method" name="montarGif" visibility="private" complexity="4" crap="20" count="0"/>
        <line num="188" type="stmt" count="0"/>
        <line num="189" type="stmt" count="0"/>
        <line num="190" type="stmt" count="0"/>
        <line num="191" type="stmt" count="0"/>
        <line num="193" type="stmt" count="0"/>
        <line num="194" type="stmt" count="0"/>
        <line num="196" type="stmt" count="0"/>
        <line num="199" type="stmt" count="0"/>
        <line num="200" type="stmt" count="0"/>
        <line num="202" type="stmt" count="0"/>
        <line num="203" type="stmt" count="0"/>
        <line num="206" type="stmt" count="0"/>
        <line num="208" type="stmt" count="0"/>
        <line num="209" type="stmt" count="0"/>
        <line num="210" type="stmt" count="0"/>
        <line num="211" type="stmt" count="0"/>
        <line num="212" type="stmt" count="0"/>
        <line num="213" type="stmt" count="0"/>
        <line num="214" type="stmt" count="0"/>
        <line num="215" type="stmt" count="0"/>
        <line num="217" type="stmt" count="0"/>
        <line num="219" type="stmt" count="0"/>
        <line num="221" type="stmt" count="0"/>
        <line num="222" type="stmt" count="0"/>
        <line num="224" type="stmt" count="0"/>
        <line num="227" type="stmt" count="0"/>
        <line num="228" type="stmt" count="0"/>
        <line num="229" type="stmt" count="0"/>
        <line num="230" type="stmt" count="0"/>
        <metrics loc="233" ncloc="164" classes="1" methods="3" coveredmethods="0" conditionals="0" coveredconditionals="0" statements="61" coveredstatements="0" elements="64" coveredelements="0"/>
      </file>
      <file name="C:\PROJECTS\PACOTES\FILAMENTS\STARTER-KIT-EASY\starter-kit-easy\app\Console\Commands\KitConvitesLembrar.php">
        <class name="App\Console\Commands\KitConvitesLembrar" namespace="App\Console\Commands">
          <metrics complexity="6" methods="1" coveredmethods="1" conditionals="0" coveredconditionals="0" statements="54" coveredstatements="54" elements="55" coveredelements="55"/>
        </class>
        <line num="35" type="method" name="handle" visibility="public" complexity="6" crap="6" count="15"/>
        <line num="38" type="stmt" count="15"/>
        <line num="40" type="stmt" count="15"/>
        <line num="41" type="stmt" count="1"/>
        <line num="43" type="stmt" count="1"/>
        <line num="46" type="stmt" count="15"/>
        <line num="48" type="stmt" count="15"/>
        <line num="49" type="stmt" count="15"/>
        <line num="50" type="stmt" count="15"/>
        <line num="51" type="stmt" count="15"/>
        <line num="52" type="stmt" count="15"/>
        <line num="53" type="stmt" count="15"/>
        <line num="54" type="stmt" count="15"/>
        <line num="55" type="stmt" count="15"/>
        <line num="56" type="stmt" count="15"/>
        <line num="57" type="stmt" count="15"/>
        <line num="58" type="stmt" count="15"/>
        <line num="59" type="stmt" count="15"/>
        <line num="60" type="stmt" count="15"/>
        <line num="61" type="stmt" count="15"/>
        <line num="62" type="stmt" count="15"/>
        <line num="63" type="stmt" count="15"/>
        <line num="64" type="stmt" count="15"/>
        <line num="65" type="stmt" count="15"/>
        <line num="66" type="stmt" count="15"/>
        <line num="67" type="stmt" count="10"/>
        <line num="74" type="stmt" count="10"/>
        <line num="75" type="stmt" count="10"/>
        <line num="76" type="stmt" count="10"/>
        <line num="77" type="stmt" count="10"/>
        <line num="79" type="stmt" count="10"/>
        <line num="80" type="stmt" count="2"/>
        <line num="84" type="stmt" count="10"/>
        <line num="85" type="stmt" count="10"/>
        <line num="86" type="stmt" count="1"/>
        <line num="94" type="stmt" count="1"/>
        <line num="95" type="stmt" count="1"/>
        <line num="96" type="stmt" count="1"/>
        <line num="97" type="stmt" count="1"/>
        <line num="98" type="stmt" count="1"/>
        <line num="99" type="stmt" count="1"/>
        <line num="100" type="stmt" count="1"/>
        <line num="101" type="stmt" count="1"/>
        <line num="104" type="stmt" count="15"/>
        <line num="106" type="stmt" count="15"/>
        <line num="107" type="stmt" count="10"/>
        <line num="108" type="stmt" count="15"/>
        <line num="110" type="stmt" count="15"/>
        <line num="111" type="stmt" count="15"/>
        <line num="112" type="stmt" count="15"/>
        <line num="113" type="stmt" count="15"/>
        <line num="114" type="stmt" count="15"/>
        <line num="115" type="stmt" count="15"/>
        <line num="116" type="stmt" count="15"/>
        <line num="118" type="stmt" count="15"/>
        <metrics loc="121" ncloc="90" classes="1" methods="1" coveredmethods="1" conditionals="0" coveredconditionals="0" statements="54" coveredstatements="54" elements="55" coveredelements="55"/>
      </file>
      <file name="C:\PROJECTS\PACOTES\FILAMENTS\STARTER-KIT-EASY\starter-kit-easy\app\Console\Commands\KitInfo.php">
        <class name="App\Console\Commands\KitInfo" namespace="App\Console\Commands">
          <metrics complexity="47" methods="16" coveredmethods="15" conditionals="0" coveredconditionals="0" statements="93" coveredstatements="92" elements="109" coveredelements="107"/>
        </class>
        <line num="50" type="method" name="handle" visibility="public" complexity="4" crap="4" count="34"/>
        <line num="52" type="stmt" count="34"/>
        <line num="54" type="stmt" count="34"/>
        <line num="55" type="stmt" count="34"/>
        <line num="56" type="stmt" count="34"/>
        <line num="58" type="stmt" count="34"/>
        <line num="60" type="stmt" count="34"/>
        <line num="62" type="stmt" count="34"/>
        <line num="63" type="stmt" count="34"/>
        <line num="64" type="stmt" count="34"/>
        <line num="65" type="stmt" count="34"/>
        <line num="67" type="stmt" count="34"/>
        <line num="70" type="method" name="cabecalho" visibility="private" complexity="2" crap="2" count="34"/>
        <line num="72" type="stmt" count="34"/>
        <line num="73" type="stmt" count="34"/>
        <line num="74" type="stmt" count="34"/>
        <line num="75" type="stmt" count="33"/>
        <line num="76" type="stmt" count="34"/>
        <line num="77" type="stmt" count="34"/>
        <line num="87" type="method" name="instalacao" visibility="private" complexity="1" crap="1" count="34"/>
        <line num="89" type="stmt" count="34"/>
        <line num="91" type="stmt" count="34"/>
        <line num="92" type="stmt" count="34"/>
        <line num="93" type="stmt" count="34"/>
        <line num="94" type="stmt" count="34"/>
        <line num="95" type="stmt" count="34"/>
        <line num="96" type="stmt" count="34"/>
        <line num="98" type="stmt" count="34"/>
        <line num="101" type="method" name="configuracoes" visibility="private" complexity="2" crap="2" count="34"/>
        <line num="103" type="stmt" count="34"/>
        <line num="105" type="stmt" count="34"/>
        <line num="106" type="stmt" count="34"/>
        <line num="109" type="stmt" count="34"/>
        <line num="139" type="method" name="divergencias" visibility="private" complexity="6" crap="6" count="33"/>
        <line num="141" type="stmt" count="33"/>
        <line num="142" type="stmt" count="33"/>
        <line num="144" type="stmt" count="33"/>
        <line num="145" type="stmt" count="33"/>
        <line num="147" type="stmt" count="33"/>
        <line num="148" type="stmt" count="18"/>
        <line num="152" type="stmt" count="33"/>
        <line num="153" type="stmt" count="15"/>
        <line num="156" type="stmt" count="18"/>
        <line num="158" type="stmt" count="18"/>
        <line num="159" type="stmt" count="18"/>
        <line num="160" type="stmt" count="7"/>
        <line num="161" type="stmt" count="18"/>
        <line num="164" type="stmt" count="18"/>
        <line num="166" type="stmt" count="18"/>
        <line num="169" type="method" name="manuais" visibility="private" complexity="1" crap="1" count="34"/>
        <line num="171" type="stmt" count="34"/>
        <line num="172" type="stmt" count="34"/>
        <line num="173" type="stmt" count="34"/>
        <line num="175" type="stmt" count="34"/>
        <line num="176" type="stmt" count="34"/>
        <line num="177" type="stmt" count="34"/>
        <line num="178" type="stmt" count="34"/>
        <line num="179" type="stmt" count="34"/>
        <line num="188" type="method" name="banco" visibility="private" complexity="2" crap="2.02" count="34"/>
        <line num="190" type="stmt" count="34"/>
        <line num="191" type="stmt" count="34"/>
        <line num="192" type="stmt" count="34"/>
        <line num="194" type="stmt" count="34"/>
        <line num="195" type="stmt" count="0"/>
        <line num="196" type="stmt" count="34"/>
        <line num="206" type="method" name="administradores" visibility="private" complexity="3" crap="3" count="34"/>
        <line num="208" type="stmt" count="34"/>
        <line num="210" type="stmt" count="34"/>
        <line num="211" type="stmt" count="1"/>
        <line num="214" type="stmt" count="33"/>
        <line num="215" type="stmt" count="3"/>
        <line num="218" type="stmt" count="30"/>
        <line num="219" type="stmt" count="30"/>
        <line num="220" type="stmt" count="30"/>
        <line num="231" type="method" name="cor" visibility="private" complexity="3" crap="3" count="34"/>
        <line num="233" type="stmt" count="34"/>
        <line num="235" type="stmt" count="34"/>
        <line num="236" type="stmt" count="31"/>
        <line num="239" type="stmt" count="3"/>
        <line num="240" type="stmt" count="1"/>
        <line num="241" type="stmt" count="3"/>
        <line num="244" type="method" name="organizacoes" visibility="private" complexity="3" crap="3" count="34"/>
        <line num="246" type="stmt" count="34"/>
        <line num="247" type="stmt" count="33"/>
        <line num="250" type="stmt" count="1"/>
        <line num="251" type="stmt" count="1"/>
        <line num="253" type="stmt" count="1"/>
        <line num="278" type="method" name="noBanco" visibility="private" complexity="2" crap="2" count="34"/>
        <line num="281" type="stmt" count="34"/>
        <line num="282" type="stmt" count="1"/>
        <line num="283" type="stmt" count="1"/>
        <line num="288" type="method" name="linha" visibility="private" complexity="1" crap="1" count="34"/>
        <line num="290" type="stmt" count="34"/>
        <line num="300" type="method" name="exibir" visibility="private" complexity="3" crap="3" count="34"/>
        <line num="302" type="stmt" count="34"/>
        <line num="303" type="stmt" count="34"/>
        <line num="306" type="stmt" count="34"/>
        <line num="309" type="method" name="comoTexto" visibility="private" complexity="7" crap="7" count="34"/>
        <line num="312" type="stmt" count="34"/>
        <line num="313" type="stmt" count="34"/>
        <line num="314" type="stmt" count="34"/>
        <line num="315" type="stmt" count="34"/>
        <line num="319" type="method" name="ehSegredo" visibility="private" complexity="1" crap="1" count="34"/>
        <line num="321" type="stmt" count="34"/>
        <line num="336" type="method" name="normalizar" visibility="private" complexity="6" crap="6" count="33"/>
        <line num="339" type="stmt" count="33"/>
        <line num="340" type="stmt" count="33"/>
        <line num="341" type="stmt" count="33"/>
        <line num="342" type="stmt" count="33"/>
        <metrics loc="346" ncloc="223" classes="1" methods="16" coveredmethods="15" conditionals="0" coveredconditionals="0" statements="93" coveredstatements="92" elements="109" coveredelements="107"/>
      </file>
      <file name="C:\PROJECTS\PACOTES\FILAMENTS\STARTER-KIT-EASY\starter-kit-easy\app\Console\Commands\KitInstall.php">
        <class name="App\Console\Commands\KitInstall" namespace="App\Console\Commands">
          <metrics complexity="66" methods="20" coveredmethods="0" conditionals="0" coveredconditionals="0" statements="195" coveredstatements="0" elements="215" coveredelements="0"/>
        </class>
        <line num="67" type="method" name="handle" visibility="public" complexity="8" crap="72" count="0"/>
        <line num="69" type="stmt" count="0"/>
        <line num="71" type="stmt" count="0"/>
        <line num="79" type="stmt" count="0"/>
        <line num="80" type="stmt" count="0"/>
        <line num="90" type="stmt" count="0"/>
        <line num="91" type="stmt" count="0"/>
        <line num="94" type="stmt" count="0"/>
        <line num="95" type="stmt" count="0"/>
        <line num="96" type="stmt" count="0"/>
        <line num="97" type="stmt" count="0"/>
        <line num="99" type="stmt" count="0"/>
        <line num="100" type="stmt" count="0"/>
        <line num="103" type="stmt" count="0"/>
        <line num="104" type="stmt" count="0"/>
        <line num="105" type="stmt" count="0"/>
        <line num="108" type="stmt" count="0"/>
        <line num="110" type="stmt" count="0"/>
        <line num="111" type="stmt" count="0"/>
        <line num="114" type="stmt" count="0"/>
        <line num="115" type="stmt" count="0"/>
        <line num="118" type="stmt" count="0"/>
        <line num="120" type="stmt" count="0"/>
        <line num="121" type="stmt" count="0"/>
        <line num="122" type="stmt" count="0"/>
        <line num="123" type="stmt" count="0"/>
        <line num="125" type="stmt" count="0"/>
        <line num="147" type="method" name="temTerminal" visibility="private" complexity="4" crap="20" count="0"/>
        <line num="149" type="stmt" count="0"/>
        <line num="150" type="stmt" count="0"/>
        <line num="162" type="method" name="customizarSemBanco" visibility="private" complexity="3" crap="12" count="0"/>
        <line num="164" type="stmt" count="0"/>
        <line num="165" type="stmt" count="0"/>
        <line num="167" type="stmt" count="0"/>
        <line num="168" type="stmt" count="0"/>
        <line num="170" type="stmt" count="0"/>
        <line num="173" type="stmt" count="0"/>
        <line num="175" type="stmt" count="0"/>
        <line num="176" type="stmt" count="0"/>
        <line num="179" type="stmt" count="0"/>
        <line num="180" type="stmt" count="0"/>
        <line num="181" type="stmt" count="0"/>
        <line num="182" type="stmt" count="0"/>
        <line num="183" type="stmt" count="0"/>
        <line num="184" type="stmt" count="0"/>
        <line num="185" type="stmt" count="0"/>
        <line num="187" type="stmt" count="0"/>
        <line num="189" type="stmt" count="0"/>
        <line num="198" type="method" name="customizar" visibility="private" complexity="2" crap="6" count="0"/>
        <line num="200" type="stmt" count="0"/>
        <line num="201" type="stmt" count="0"/>
        <line num="203" type="stmt" count="0"/>
        <line num="204" type="stmt" count="0"/>
        <line num="206" type="stmt" count="0"/>
        <line num="209" type="stmt" count="0"/>
        <line num="222" type="method" name="avisarSePerdeuAsPerguntas" visibility="private" complexity="4" crap="20" count="0"/>
        <line num="224" type="stmt" count="0"/>
        <line num="225" type="stmt" count="0"/>
        <line num="228" type="stmt" count="0"/>
        <line num="229" type="stmt" count="0"/>
        <line num="230" type="stmt" count="0"/>
        <line num="231" type="stmt" count="0"/>
        <line num="232" type="stmt" count="0"/>
        <line num="244" type="method" name="conferirConexao" visibility="private" complexity="4" crap="20" count="0"/>
        <line num="246" type="stmt" count="0"/>
        <line num="248" type="stmt" count="0"/>
        <line num="249" type="stmt" count="0"/>
        <line num="253" type="stmt" count="0"/>
        <line num="254" type="stmt" count="0"/>
        <line num="255" type="stmt" count="0"/>
        <line num="257" type="stmt" count="0"/>
        <line num="258" type="stmt" count="0"/>
        <line num="259" type="stmt" count="0"/>
        <line num="261" type="stmt" count="0"/>
        <line num="262" type="stmt" count="0"/>
        <line num="263" type="stmt" count="0"/>
        <line num="264" type="stmt" count="0"/>
        <line num="268" type="method" name="prepararEnv" visibility="protected" complexity="2" crap="6" count="0"/>
        <line num="270" type="stmt" count="0"/>
        <line num="271" type="stmt" count="0"/>
        <line num="274" type="stmt" count="0"/>
        <line num="275" type="stmt" count="0"/>
        <line num="278" type="method" name="gerarAppKey" visibility="protected" complexity="2" crap="6" count="0"/>
        <line num="280" type="stmt" count="0"/>
        <line num="281" type="stmt" count="0"/>
        <line num="284" type="stmt" count="0"/>
        <line num="285" type="stmt" count="0"/>
        <line num="292" type="method" name="prepararBancoSqlite" visibility="protected" complexity="5" crap="30" count="0"/>
        <line num="294" type="stmt" count="0"/>
        <line num="295" type="stmt" count="0"/>
        <line num="298" type="stmt" count="0"/>
        <line num="300" type="stmt" count="0"/>
        <line num="301" type="stmt" count="0"/>
        <line num="309" type="stmt" count="0"/>
        <line num="310" type="stmt" count="0"/>
        <line num="311" type="stmt" count="0"/>
        <line num="313" type="stmt" count="0"/>
        <line num="316" type="stmt" count="0"/>
        <line num="317" type="stmt" count="0"/>
        <line num="321" type="method" name="migrar" visibility="protected" complexity="2" crap="6" count="0"/>
        <line num="323" type="stmt" count="0"/>
        <line num="324" type="stmt" count="0"/>
        <line num="325" type="stmt" count="0"/>
        <line num="326" type="stmt" count="0"/>
        <line num="327" type="stmt" count="0"/>
        <line num="329" type="stmt" count="0"/>
        <line num="330" type="stmt" count="0"/>
        <line num="333" type="stmt" count="0"/>
        <line num="334" type="stmt" count="0"/>
        <line num="337" type="method" name="semear" visibility="protected" complexity="2" crap="6" count="0"/>
        <line num="339" type="stmt" count="0"/>
        <line num="340" type="stmt" count="0"/>
        <line num="342" type="stmt" count="0"/>
        <line num="343" type="stmt" count="0"/>
        <line num="346" type="stmt" count="0"/>
        <line num="347" type="stmt" count="0"/>
        <line num="360" type="method" name="formatarCodigoGerado" visibility="protected" complexity="2" crap="6" count="0"/>
        <line num="362" type="stmt" count="0"/>
        <line num="364" type="stmt" count="0"/>
        <line num="365" type="stmt" count="0"/>
        <line num="368" type="stmt" count="0"/>
        <line num="369" type="stmt" count="0"/>
        <line num="370" type="stmt" count="0"/>
        <line num="372" type="stmt" count="0"/>
        <line num="373" type="stmt" count="0"/>
        <line num="376" type="method" name="publicarAssets" visibility="protected" complexity="1" crap="2" count="0"/>
        <line num="378" type="stmt" count="0"/>
        <line num="379" type="stmt" count="0"/>
        <line num="380" type="stmt" count="0"/>
        <line num="382" type="stmt" count="0"/>
        <line num="383" type="stmt" count="0"/>
        <line num="391" type="method" name="construirFrontend" visibility="protected" complexity="4" crap="20" count="0"/>
        <line num="393" type="stmt" count="0"/>
        <line num="395" type="stmt" count="0"/>
        <line num="396" type="stmt" count="0"/>
        <line num="398" type="stmt" count="0"/>
        <line num="401" type="stmt" count="0"/>
        <line num="402" type="stmt" count="0"/>
        <line num="404" type="stmt" count="0"/>
        <line num="405" type="stmt" count="0"/>
        <line num="406" type="stmt" count="0"/>
        <line num="408" type="stmt" count="0"/>
        <line num="409" type="stmt" count="0"/>
        <line num="412" type="stmt" count="0"/>
        <line num="413" type="stmt" count="0"/>
        <line num="431" type="method" name="oferecerHostLocal" visibility="private" complexity="2" crap="6" count="0"/>
        <line num="433" type="stmt" count="0"/>
        <line num="435" type="stmt" count="0"/>
        <line num="436" type="stmt" count="0"/>
        <line num="440" type="method" name="banner" visibility="protected" complexity="2" crap="6" count="0"/>
        <line num="442" type="stmt" count="0"/>
        <line num="444" type="stmt" count="0"/>
        <line num="445" type="stmt" count="0"/>
        <line num="447" type="stmt" count="0"/>
        <line num="448" type="stmt" count="0"/>
        <line num="449" type="stmt" count="0"/>
        <line num="450" type="stmt" count="0"/>
        <line num="451" type="stmt" count="0"/>
        <line num="453" type="stmt" count="0"/>
        <line num="454" type="stmt" count="0"/>
        <line num="455" type="stmt" count="0"/>
        <line num="456" type="stmt" count="0"/>
        <line num="457" type="stmt" count="0"/>
        <line num="459" type="stmt" count="0"/>
        <line num="460" type="stmt" count="0"/>
        <line num="461" type="stmt" count="0"/>
        <line num="462" type="stmt" count="0"/>
        <line num="464" type="stmt" count="0"/>
        <line num="465" type="stmt" count="0"/>
        <line num="468" type="stmt" count="0"/>
        <line num="470" type="stmt" count="0"/>
        <line num="471" type="stmt" count="0"/>
        <line num="472" type="stmt" count="0"/>
        <line num="473" type="stmt" count="0"/>
        <line num="500" type="method" name="desvincularDoSnyk" visibility="private" complexity="2" crap="6" count="0"/>
        <line num="502" type="stmt" count="0"/>
        <line num="504" type="stmt" count="0"/>
        <line num="505" type="stmt" count="0"/>
        <line num="508" type="stmt" count="0"/>
        <line num="509" type="stmt" count="0"/>
        <line num="510" type="stmt" count="0"/>
        <line num="511" type="stmt" count="0"/>
        <line num="514" type="method" name="resumoDaCustomizacao" visibility="private" complexity="3" crap="12" count="0"/>
        <line num="516" type="stmt" count="0"/>
        <line num="517" type="stmt" count="0"/>
        <line num="520" type="stmt" count="0"/>
        <line num="522" type="stmt" count="0"/>
        <line num="523" type="stmt" count="0"/>
        <line num="526" type="stmt" count="0"/>
        <line num="527" type="stmt" count="0"/>
        <line num="528" type="stmt" count="0"/>
        <line num="529" type="stmt" count="0"/>
        <line num="539" type="method" name="oferecerTestes" visibility="private" complexity="4" crap="20" count="0"/>
        <line num="541" type="stmt" count="0"/>
        <line num="542" type="stmt" count="0"/>
        <line num="545" type="stmt" count="0"/>
        <line num="546" type="stmt" count="0"/>
        <line num="548" type="stmt" count="0"/>
        <line num="561" type="stmt" count="0"/>
        <line num="562" type="stmt" count="0"/>
        <line num="563" type="stmt" count="0"/>
        <line num="564" type="stmt" count="0"/>
        <line num="565" type="stmt" count="0"/>
        <line num="567" type="stmt" count="0"/>
        <line num="577" type="method" name="oferecerEstrela" visibility="private" complexity="8" crap="72" count="0"/>
        <line num="579" type="stmt" count="0"/>
        <line num="581" type="stmt" count="0"/>
        <line num="582" type="stmt" count="0"/>
        <line num="585" type="stmt" count="0"/>
        <line num="586" type="stmt" count="0"/>
        <line num="591" type="stmt" count="0"/>
        <line num="592" type="stmt" count="0"/>
        <line num="593" type="stmt" count="0"/>
        <line num="594" type="stmt" count="0"/>
        <line num="595" type="stmt" count="0"/>
        <metrics loc="599" ncloc="420" classes="1" methods="20" coveredmethods="0" conditionals="0" coveredconditionals="0" statements="195" coveredstatements="0" elements="215" coveredelements="0"/>
      </file>
      <file name="C:\PROJECTS\PACOTES\FILAMENTS\STARTER-KIT-EASY\starter-kit-easy\app\Console\Commands\KitMidiaPrivada.php">
        <class name="App\Console\Commands\KitMidiaPrivada" namespace="App\Console\Commands">
          <metrics complexity="29" methods="7" coveredmethods="4" conditionals="0" coveredconditionals="0" statements="65" coveredstatements="61" elements="72" coveredelements="65"/>
        </class>
        <line num="39" type="method" name="handle" visibility="public" complexity="9" crap="9" count="7"/>
        <line num="41" type="stmt" count="7"/>
        <line num="42" type="stmt" count="7"/>
        <line num="43" type="stmt" count="7"/>
        <line num="45" type="stmt" count="7"/>
        <line num="47" type="stmt" count="7"/>
        <line num="48" type="stmt" count="7"/>
        <line num="50" type="stmt" count="7"/>
        <line num="51" type="stmt" count="1"/>
        <line num="53" type="stmt" count="1"/>
        <line num="56" type="stmt" count="6"/>
        <line num="57" type="stmt" count="6"/>
        <line num="59" type="stmt" count="6"/>
        <line num="60" type="stmt" count="1"/>
        <line num="63" type="stmt" count="6"/>
        <line num="65" type="stmt" count="6"/>
        <line num="66" type="stmt" count="1"/>
        <line num="69" type="stmt" count="5"/>
        <line num="71" type="stmt" count="7"/>
        <line num="73" type="stmt" count="7"/>
        <line num="74" type="stmt" count="7"/>
        <line num="76" type="stmt" count="7"/>
        <line num="77" type="stmt" count="1"/>
        <line num="80" type="stmt" count="7"/>
        <line num="81" type="stmt" count="7"/>
        <line num="82" type="stmt" count="7"/>
        <line num="83" type="stmt" count="7"/>
        <line num="85" type="stmt" count="7"/>
        <line num="94" type="method" name="discoDeDestino" visibility="private" complexity="4" crap="4" count="7"/>
        <line num="96" type="stmt" count="7"/>
        <line num="98" type="stmt" count="7"/>
        <line num="99" type="stmt" count="1"/>
        <line num="102" type="stmt" count="6"/>
        <line num="104" type="stmt" count="6"/>
        <line num="113" type="method" name="discoDeclaradoPelaColecao" visibility="private" complexity="5" crap="5.39" count="7"/>
        <line num="115" type="stmt" count="7"/>
        <line num="117" type="stmt" count="7"/>
        <line num="118" type="stmt" count="0"/>
        <line num="121" type="stmt" count="7"/>
        <line num="123" type="stmt" count="7"/>
        <line num="124" type="stmt" count="0"/>
        <line num="127" type="stmt" count="7"/>
        <line num="129" type="stmt" count="7"/>
        <line num="139" type="method" name="ehPublico" visibility="private" complexity="2" crap="2.15" count="7"/>
        <line num="141" type="stmt" count="7"/>
        <line num="142" type="stmt" count="0"/>
        <line num="145" type="stmt" count="7"/>
        <line num="155" type="method" name="discoDasConversoes" visibility="private" complexity="2" crap="2" count="6"/>
        <line num="157" type="stmt" count="6"/>
        <line num="159" type="stmt" count="6"/>
        <line num="162" type="method" name="migrar" visibility="private" complexity="4" crap="4" count="5"/>
        <line num="164" type="stmt" count="5"/>
        <line num="166" type="stmt" count="5"/>
        <line num="167" type="stmt" count="5"/>
        <line num="168" type="stmt" count="5"/>
        <line num="171" type="stmt" count="5"/>
        <line num="172" type="stmt" count="5"/>
        <line num="174" type="stmt" count="5"/>
        <line num="175" type="stmt" count="5"/>
        <line num="178" type="stmt" count="5"/>
        <line num="183" type="stmt" count="5"/>
        <line num="185" type="stmt" count="5"/>
        <line num="186" type="stmt" count="5"/>
        <line num="187" type="stmt" count="5"/>
        <line num="188" type="stmt" count="5"/>
        <line num="194" type="method" name="moverArquivos" visibility="private" complexity="3" crap="3.04" count="5"/>
        <line num="196" type="stmt" count="5"/>
        <line num="197" type="stmt" count="5"/>
        <line num="199" type="stmt" count="5"/>
        <line num="200" type="stmt" count="0"/>
        <line num="203" type="stmt" count="5"/>
        <line num="204" type="stmt" count="5"/>
        <metrics loc="208" ncloc="156" classes="1" methods="7" coveredmethods="4" conditionals="0" coveredconditionals="0" statements="65" coveredstatements="61" elements="72" coveredelements="65"/>
      </file>
      <file name="C:\PROJECTS\PACOTES\FILAMENTS\STARTER-KIT-EASY\starter-kit-easy\app\Console\Commands\KitTenancy.php">
        <class name="App\Console\Commands\KitTenancy" namespace="App\Console\Commands">
          <metrics complexity="24" methods="10" coveredmethods="0" conditionals="0" coveredconditionals="0" statements="119" coveredstatements="0" elements="129" coveredelements="0"/>
        </class>
        <line num="50" type="method" name="handle" visibility="public" complexity="7" crap="56" count="0"/>
        <line num="52" type="stmt" count="0"/>
        <line num="54" type="stmt" count="0"/>
        <line num="55" type="stmt" count="0"/>
        <line num="56" type="stmt" count="0"/>
        <line num="58" type="stmt" count="0"/>
        <line num="61" type="stmt" count="0"/>
        <line num="62" type="stmt" count="0"/>
        <line num="65" type="stmt" count="0"/>
        <line num="66" type="stmt" count="0"/>
        <line num="70" type="stmt" count="0"/>
        <line num="71" type="stmt" count="0"/>
        <line num="72" type="stmt" count="0"/>
        <line num="74" type="stmt" count="0"/>
        <line num="75" type="stmt" count="0"/>
        <line num="77" type="stmt" count="0"/>
        <line num="78" type="stmt" count="0"/>
        <line num="80" type="stmt" count="0"/>
        <line num="81" type="stmt" count="0"/>
        <line num="82" type="stmt" count="0"/>
        <line num="83" type="stmt" count="0"/>
        <line num="85" type="stmt" count="0"/>
        <line num="88" type="stmt" count="0"/>
        <line num="89" type="stmt" count="0"/>
        <line num="90" type="stmt" count="0"/>
        <line num="91" type="stmt" count="0"/>
        <line num="93" type="stmt" count="0"/>
        <line num="95" type="stmt" count="0"/>
        <line num="103" type="method" name="preVoo" visibility="private" complexity="4" crap="20" count="0"/>
        <line num="105" type="stmt" count="0"/>
        <line num="106" type="stmt" count="0"/>
        <line num="108" type="stmt" count="0"/>
        <line num="111" type="stmt" count="0"/>
        <line num="112" type="stmt" count="0"/>
        <line num="113" type="stmt" count="0"/>
        <line num="114" type="stmt" count="0"/>
        <line num="115" type="stmt" count="0"/>
        <line num="116" type="stmt" count="0"/>
        <line num="117" type="stmt" count="0"/>
        <line num="118" type="stmt" count="0"/>
        <line num="120" type="stmt" count="0"/>
        <line num="123" type="stmt" count="0"/>
        <line num="125" type="stmt" count="0"/>
        <line num="126" type="stmt" count="0"/>
        <line num="129" type="stmt" count="0"/>
        <line num="131" type="stmt" count="0"/>
        <line num="132" type="stmt" count="0"/>
        <line num="134" type="stmt" count="0"/>
        <line num="135" type="stmt" count="0"/>
        <line num="136" type="stmt" count="0"/>
        <line num="137" type="stmt" count="0"/>
        <line num="138" type="stmt" count="0"/>
        <line num="140" type="stmt" count="0"/>
        <line num="143" type="method" name="confirmarDestruicao" visibility="private" complexity="3" crap="12" count="0"/>
        <line num="145" type="stmt" count="0"/>
        <line num="146" type="stmt" count="0"/>
        <line num="147" type="stmt" count="0"/>
        <line num="148" type="stmt" count="0"/>
        <line num="149" type="stmt" count="0"/>
        <line num="150" type="stmt" count="0"/>
        <line num="152" type="stmt" count="0"/>
        <line num="153" type="stmt" count="0"/>
        <line num="156" type="stmt" count="0"/>
        <line num="157" type="stmt" count="0"/>
        <line num="159" type="stmt" count="0"/>
        <line num="162" type="stmt" count="0"/>
        <line num="165" type="method" name="ligarFlagNoEnv" visibility="private" complexity="1" crap="2" count="0"/>
        <line num="167" type="stmt" count="0"/>
        <line num="169" type="stmt" count="0"/>
        <line num="172" type="method" name="ligarPapeisPorTenant" visibility="private" complexity="1" crap="2" count="0"/>
        <line num="174" type="stmt" count="0"/>
        <line num="176" type="stmt" count="0"/>
        <line num="179" type="method" name="recriarBanco" visibility="private" complexity="1" crap="2" count="0"/>
        <line num="183" type="stmt" count="0"/>
        <line num="184" type="stmt" count="0"/>
        <line num="186" type="stmt" count="0"/>
        <line num="187" type="stmt" count="0"/>
        <line num="189" type="stmt" count="0"/>
        <line num="198" type="method" name="conferirSchema" visibility="private" complexity="2" crap="6" count="0"/>
        <line num="200" type="stmt" count="0"/>
        <line num="201" type="stmt" count="0"/>
        <line num="203" type="stmt" count="0"/>
        <line num="204" type="stmt" count="0"/>
        <line num="207" type="stmt" count="0"/>
        <line num="208" type="stmt" count="0"/>
        <line num="209" type="stmt" count="0"/>
        <line num="210" type="stmt" count="0"/>
        <line num="211" type="stmt" count="0"/>
        <line num="224" type="method" name="semearDemo" visibility="private" complexity="1" crap="2" count="0"/>
        <line num="226" type="stmt" count="0"/>
        <line num="227" type="stmt" count="0"/>
        <line num="228" type="stmt" count="0"/>
        <line num="229" type="stmt" count="0"/>
        <line num="231" type="stmt" count="0"/>
        <line num="232" type="stmt" count="0"/>
        <line num="233" type="stmt" count="0"/>
        <line num="234" type="stmt" count="0"/>
        <line num="235" type="stmt" count="0"/>
        <line num="236" type="stmt" count="0"/>
        <line num="238" type="stmt" count="0"/>
        <line num="240" type="stmt" count="0"/>
        <line num="244" type="method" name="executarGit" visibility="private" complexity="1" crap="2" count="0"/>
        <line num="246" type="stmt" count="0"/>
        <line num="247" type="stmt" count="0"/>
        <line num="249" type="stmt" count="0"/>
        <line num="252" type="method" name="banner" visibility="private" complexity="3" crap="12" count="0"/>
        <line num="254" type="stmt" count="0"/>
        <line num="255" type="stmt" count="0"/>
        <line num="256" type="stmt" count="0"/>
        <line num="258" type="stmt" count="0"/>
        <line num="259" type="stmt" count="0"/>
        <line num="261" type="stmt" count="0"/>
        <line num="262" type="stmt" count="0"/>
        <line num="264" type="stmt" count="0"/>
        <line num="265" type="stmt" count="0"/>
        <line num="268" type="stmt" count="0"/>
        <line num="269" type="stmt" count="0"/>
        <line num="270" type="stmt" count="0"/>
        <line num="271" type="stmt" count="0"/>
        <line num="272" type="stmt" count="0"/>
        <line num="273" type="stmt" count="0"/>
        <line num="275" type="stmt" count="0"/>
        <line num="276" type="stmt" count="0"/>
        <line num="277" type="stmt" count="0"/>
        <line num="278" type="stmt" count="0"/>
        <line num="279" type="stmt" count="0"/>
        <line num="280" type="stmt" count="0"/>
        <line num="281" type="stmt" count="0"/>
        <line num="282" type="stmt" count="0"/>
        <metrics loc="286" ncloc="240" classes="1" methods="10" coveredmethods="0" conditionals="0" coveredconditionals="0" statements="119" coveredstatements="0" elements="129" coveredelements="0"/>
      </file>
      <file name="C:\PROJECTS\PACOTES\FILAMENTS\STARTER-KIT-EASY\starter-kit-easy\app\Console\Commands\KitUpdate.php">
        <class name="App\Console\Commands\KitUpdate" namespace="App\Console\Commands">
          <metrics complexity="111" methods="22" coveredmethods="2" conditionals="0" coveredconditionals="0" statements="330" coveredstatements="5" elements="352" coveredelements="7"/>
        </class>
        <line num="335" type="method" name="handle" visibility="public" complexity="13" crap="182" count="0"/>
        <line num="337" type="stmt" count="0"/>
        <line num="339" type="stmt" count="0"/>
        <line num="340" type="stmt" count="0"/>
        <line num="343" type="stmt" count="0"/>
        <line num="345" type="stmt" count="0"/>
        <line num="346" type="stmt" count="0"/>
        <line num="349" type="stmt" count="0"/>
        <line num="351" type="stmt" count="0"/>
        <line num="352" type="stmt" count="0"/>
        <line num="354" type="stmt" count="0"/>
        <line num="357" type="stmt" count="0"/>
        <line num="358" type="stmt" count="0"/>
        <line num="360" type="stmt" count="0"/>
        <line num="362" type="stmt" count="0"/>
        <line num="363" type="stmt" count="0"/>
        <line num="367" type="stmt" count="0"/>
        <line num="368" type="stmt" count="0"/>
        <line num="369" type="stmt" count="0"/>
        <line num="371" type="stmt" count="0"/>
        <line num="374" type="stmt" count="0"/>
        <line num="376" type="stmt" count="0"/>
        <line num="377" type="stmt" count="0"/>
        <line num="379" type="stmt" count="0"/>
        <line num="387" type="stmt" count="0"/>
        <line num="388" type="stmt" count="0"/>
        <line num="389" type="stmt" count="0"/>
        <line num="390" type="stmt" count="0"/>
        <line num="391" type="stmt" count="0"/>
        <line num="392" type="stmt" count="0"/>
        <line num="394" type="stmt" count="0"/>
        <line num="397" type="stmt" count="0"/>
        <line num="398" type="stmt" count="0"/>
        <line num="401" type="stmt" count="0"/>
        <line num="403" type="stmt" count="0"/>
        <line num="404" type="stmt" count="0"/>
        <line num="406" type="stmt" count="0"/>
        <line num="408" type="stmt" count="0"/>
        <line num="409" type="stmt" count="0"/>
        <line num="413" type="stmt" count="0"/>
        <line num="423" type="method" name="preVoo" visibility="private" complexity="6" crap="42" count="0"/>
        <line num="425" type="stmt" count="0"/>
        <line num="426" type="stmt" count="0"/>
        <line num="428" type="stmt" count="0"/>
        <line num="431" type="stmt" count="0"/>
        <line num="432" type="stmt" count="0"/>
        <line num="433" type="stmt" count="0"/>
        <line num="434" type="stmt" count="0"/>
        <line num="435" type="stmt" count="0"/>
        <line num="436" type="stmt" count="0"/>
        <line num="437" type="stmt" count="0"/>
        <line num="438" type="stmt" count="0"/>
        <line num="440" type="stmt" count="0"/>
        <line num="443" type="stmt" count="0"/>
        <line num="444" type="stmt" count="0"/>
        <line num="447" type="stmt" count="0"/>
        <line num="449" type="stmt" count="0"/>
        <line num="450" type="stmt" count="0"/>
        <line num="453" type="stmt" count="0"/>
        <line num="455" type="stmt" count="0"/>
        <line num="456" type="stmt" count="0"/>
        <line num="458" type="stmt" count="0"/>
        <line num="459" type="stmt" count="0"/>
        <line num="462" type="stmt" count="0"/>
        <line num="463" type="stmt" count="0"/>
        <line num="464" type="stmt" count="0"/>
        <line num="465" type="stmt" count="0"/>
        <line num="466" type="stmt" count="0"/>
        <line num="467" type="stmt" count="0"/>
        <line num="468" type="stmt" count="0"/>
        <line num="470" type="stmt" count="0"/>
        <line num="483" type="method" name="vincularKit" visibility="private" complexity="1" crap="2" count="0"/>
        <line num="485" type="stmt" count="0"/>
        <line num="487" type="stmt" count="0"/>
        <line num="488" type="stmt" count="0"/>
        <line num="489" type="stmt" count="0"/>
        <line num="492" type="method" name="desvincularKit" visibility="private" complexity="4" crap="20" count="0"/>
        <line num="494" type="stmt" count="0"/>
        <line num="495" type="stmt" count="0"/>
        <line num="496" type="stmt" count="0"/>
        <line num="500" type="stmt" count="0"/>
        <line num="501" type="stmt" count="0"/>
        <line num="506" type="method" name="tagsDoKit" visibility="private" complexity="2" crap="6" count="0"/>
        <line num="508" type="stmt" count="0"/>
        <line num="510" type="stmt" count="0"/>
        <line num="514" type="method" name="escolherDestino" visibility="private" complexity="8" crap="72" count="0"/>
        <line num="516" type="stmt" count="0"/>
        <line num="517" type="stmt" count="0"/>
        <line num="518" type="stmt" count="0"/>
        <line num="520" type="stmt" count="0"/>
        <line num="521" type="stmt" count="0"/>
        <line num="523" type="stmt" count="0"/>
        <line num="526" type="stmt" count="0"/>
        <line num="529" type="stmt" count="0"/>
        <line num="530" type="stmt" count="0"/>
        <line num="536" type="stmt" count="0"/>
        <line num="537" type="stmt" count="0"/>
        <line num="538" type="stmt" count="0"/>
        <line num="539" type="stmt" count="0"/>
        <line num="541" type="stmt" count="0"/>
        <line num="542" type="stmt" count="0"/>
        <line num="548" type="stmt" count="0"/>
        <line num="549" type="stmt" count="0"/>
        <line num="550" type="stmt" count="0"/>
        <line num="551" type="stmt" count="0"/>
        <line num="552" type="stmt" count="0"/>
        <line num="561" type="method" name="resolverOrigem" visibility="private" complexity="4" crap="20" count="0"/>
        <line num="563" type="stmt" count="0"/>
        <line num="565" type="stmt" count="0"/>
        <line num="566" type="stmt" count="0"/>
        <line num="569" type="stmt" count="0"/>
        <line num="571" type="stmt" count="0"/>
        <line num="572" type="stmt" count="0"/>
        <line num="574" type="stmt" count="0"/>
        <line num="577" type="stmt" count="0"/>
        <line num="589" type="method" name="arquivosAlterados" visibility="private" complexity="14" crap="210" count="0"/>
        <line num="591" type="stmt" count="0"/>
        <line num="592" type="stmt" count="0"/>
        <line num="593" type="stmt" count="0"/>
        <line num="595" type="stmt" count="0"/>
        <line num="597" type="stmt" count="0"/>
        <line num="598" type="stmt" count="0"/>
        <line num="601" type="stmt" count="0"/>
        <line num="603" type="stmt" count="0"/>
        <line num="604" type="stmt" count="0"/>
        <line num="606" type="stmt" count="0"/>
        <line num="607" type="stmt" count="0"/>
        <line num="616" type="stmt" count="0"/>
        <line num="617" type="stmt" count="0"/>
        <line num="618" type="stmt" count="0"/>
        <line num="619" type="stmt" count="0"/>
        <line num="620" type="stmt" count="0"/>
        <line num="623" type="stmt" count="0"/>
        <line num="624" type="stmt" count="0"/>
        <line num="628" type="stmt" count="0"/>
        <line num="630" type="stmt" count="0"/>
        <line num="649" type="method" name="caminhosDoKit" visibility="private" complexity="2" crap="6" count="0"/>
        <line num="651" type="stmt" count="0"/>
        <line num="652" type="stmt" count="0"/>
        <line num="653" type="stmt" count="0"/>
        <line num="655" type="stmt" count="0"/>
        <line num="657" type="stmt" count="0"/>
        <line num="658" type="stmt" count="0"/>
        <line num="659" type="stmt" count="0"/>
        <line num="660" type="stmt" count="0"/>
        <line num="661" type="stmt" count="0"/>
        <line num="664" type="stmt" count="0"/>
        <line num="677" type="method" name="caminhosUnidos" visibility="public" complexity="1" crap="1" count="3"/>
        <line num="679" type="stmt" count="3"/>
        <line num="696" type="method" name="caminhosDeclaradosEm" visibility="public" complexity="2" crap="2" count="5"/>
        <line num="698" type="stmt" count="5"/>
        <line num="699" type="stmt" count="3"/>
        <line num="702" type="stmt" count="2"/>
        <line num="704" type="stmt" count="2"/>
        <line num="708" type="method" name="mostrarResumo" visibility="private" complexity="1" crap="2" count="0"/>
        <line num="710" type="stmt" count="0"/>
        <line num="712" type="stmt" count="0"/>
        <line num="713" type="stmt" count="0"/>
        <line num="715" type="stmt" count="0"/>
        <line num="716" type="stmt" count="0"/>
        <line num="717" type="stmt" count="0"/>
        <line num="718" type="stmt" count="0"/>
        <line num="720" type="stmt" count="0"/>
        <line num="721" type="stmt" count="0"/>
        <line num="722" type="stmt" count="0"/>
        <line num="723" type="stmt" count="0"/>
        <line num="724" type="stmt" count="0"/>
        <line num="728" type="method" name="prepararBranch" visibility="private" complexity="6" crap="42" count="0"/>
        <line num="730" type="stmt" count="0"/>
[...]
        <line num="215" type="stmt" count="35"/>
        <line num="216" type="stmt" count="35"/>
        <line num="217" type="stmt" count="35"/>
        <line num="218" type="stmt" count="35"/>
        <line num="219" type="stmt" count="35"/>
        <line num="220" type="stmt" count="35"/>
        <line num="221" type="stmt" count="35"/>
        <line num="222" type="stmt" count="35"/>
        <line num="223" type="stmt" count="35"/>
        <line num="225" type="stmt" count="35"/>
        <line num="233" type="method" name="exigirPortaAberta" visibility="private" complexity="8" crap="8" count="44"/>
        <line num="236" type="stmt" count="44"/>
        <line num="240" type="stmt" count="43"/>
        <line num="255" type="stmt" count="38"/>
        <line num="256" type="stmt" count="35"/>
        <line num="259" type="stmt" count="44"/>
        <line num="260" type="stmt" count="35"/>
        <line num="263" type="stmt" count="9"/>
        <line num="264" type="stmt" count="9"/>
        <line num="265" type="stmt" count="9"/>
        <line num="266" type="stmt" count="9"/>
        <line num="267" type="stmt" count="9"/>
        <line num="268" type="stmt" count="9"/>
        <line num="269" type="stmt" count="9"/>
        <line num="271" type="stmt" count="9"/>
        <line num="282" type="method" name="organizacaoAceitaRegistro" visibility="private" complexity="2" crap="2" count="9"/>
        <line num="284" type="stmt" count="9"/>
        <line num="285" type="stmt" count="9"/>
        <line num="301" type="method" name="atribuirPapel" visibility="private" complexity="1" crap="1" count="21"/>
        <line num="303" type="stmt" count="21"/>
        <line num="304" type="stmt" count="21"/>
        <line num="305" type="stmt" count="21"/>
        <line num="306" type="stmt" count="21"/>
        <line num="309" type="stmt" count="21"/>
        <line num="310" type="stmt" count="21"/>
        <line num="311" type="stmt" count="21"/>
        <metrics loc="314" ncloc="140" classes="1" methods="10" coveredmethods="10" conditionals="0" coveredconditionals="0" statements="61" coveredstatements="61" elements="71" coveredelements="71"/>
      </file>
      <file name="C:\PROJECTS\PACOTES\FILAMENTS\STARTER-KIT-EASY\starter-kit-easy\app\Support\RetencaoDeExcecoes.php">
        <class name="App\Support\RetencaoDeExcecoes" namespace="App\Support">
          <metrics complexity="2" methods="1" coveredmethods="1" conditionals="0" coveredconditionals="0" statements="4" coveredstatements="4" elements="5" coveredelements="5"/>
        </class>
        <line num="37" type="method" name="corte" visibility="public" complexity="2" crap="2" count="2877"/>
        <line num="39" type="stmt" count="2877"/>
        <line num="47" type="stmt" count="2877"/>
        <line num="48" type="stmt" count="2877"/>
        <line num="49" type="stmt" count="2877"/>
        <metrics loc="52" ncloc="20" classes="1" methods="1" coveredmethods="1" conditionals="0" coveredconditionals="0" statements="4" coveredstatements="4" elements="5" coveredelements="5"/>
      </file>
      <file name="C:\PROJECTS\PACOTES\FILAMENTS\STARTER-KIT-EASY\starter-kit-easy\app\Support\SubstituicaoEmArquivo.php">
        <class name="App\Support\SubstituicaoEmArquivo" namespace="App\Support">
          <metrics complexity="6" methods="3" coveredmethods="3" conditionals="0" coveredconditionals="0" statements="22" coveredstatements="22" elements="25" coveredelements="25"/>
        </class>
        <line num="31" type="method" name="aplicar" visibility="public" complexity="4" crap="4" count="76"/>
        <line num="33" type="stmt" count="76"/>
        <line num="34" type="stmt" count="1"/>
        <line num="37" type="stmt" count="75"/>
        <line num="43" type="stmt" count="75"/>
        <line num="44" type="stmt" count="73"/>
        <line num="46" type="stmt" count="73"/>
        <line num="49" type="stmt" count="10"/>
        <line num="50" type="stmt" count="1"/>
        <line num="53" type="stmt" count="9"/>
        <line num="55" type="stmt" count="9"/>
        <line num="71" type="method" name="definirNoEnv" visibility="public" complexity="1" crap="1" count="74"/>
        <line num="73" type="stmt" count="74"/>
        <line num="75" type="stmt" count="74"/>
        <line num="76" type="stmt" count="74"/>
        <line num="77" type="stmt" count="74"/>
        <line num="78" type="stmt" count="74"/>
        <line num="79" type="stmt" count="74"/>
        <line num="80" type="stmt" count="74"/>
        <line num="91" type="method" name="escaparValorDeEnv" visibility="private" complexity="1" crap="1" count="74"/>
        <line num="93" type="stmt" count="74"/>
        <line num="94" type="stmt" count="74"/>
        <line num="95" type="stmt" count="74"/>
        <line num="96" type="stmt" count="74"/>
        <line num="97" type="stmt" count="74"/>
        <metrics loc="100" ncloc="53" classes="1" methods="3" coveredmethods="3" conditionals="0" coveredconditionals="0" statements="22" coveredstatements="22" elements="25" coveredelements="25"/>
      </file>
      <file name="C:\PROJECTS\PACOTES\FILAMENTS\STARTER-KIT-EASY\starter-kit-easy\app\Support\TetoDeUpload.php">
        <class name="App\Support\TetoDeUpload" namespace="App\Support">
          <metrics complexity="3" methods="3" coveredmethods="3" conditionals="0" coveredconditionals="0" statements="3" coveredstatements="3" elements="6" coveredelements="6"/>
        </class>
        <line num="32" type="method" name="emKb" visibility="public" complexity="1" crap="1" count="2877"/>
        <line num="34" type="stmt" count="2877"/>
        <line num="60" type="method" name="emKbComFolgaDoLivewire" visibility="public" complexity="1" crap="1" count="2877"/>
        <line num="62" type="stmt" count="2877"/>
        <line num="72" type="method" name="emMb" visibility="public" complexity="1" crap="1" count="179"/>
        <line num="74" type="stmt" count="179"/>
        <metrics loc="77" ncloc="22" classes="1" methods="3" coveredmethods="3" conditionals="0" coveredconditionals="0" statements="3" coveredstatements="3" elements="6" coveredelements="6"/>
      </file>
      <file name="C:\PROJECTS\PACOTES\FILAMENTS\STARTER-KIT-EASY\starter-kit-easy\app\Support\ValidadeDoConvite.php">
        <class name="App\Support\ValidadeDoConvite" namespace="App\Support">
          <metrics complexity="1" methods="1" coveredmethods="1" conditionals="0" coveredconditionals="0" statements="1" coveredstatements="1" elements="2" coveredelements="2"/>
        </class>
        <line num="39" type="method" name="emDias" visibility="public" complexity="1" crap="1" count="2877"/>
        <line num="43" type="stmt" count="2877"/>
        <metrics loc="46" ncloc="14" classes="1" methods="1" coveredmethods="1" conditionals="0" coveredconditionals="0" statements="1" coveredstatements="1" elements="2" coveredelements="2"/>
      </file>
      <file name="C:\PROJECTS\PACOTES\FILAMENTS\STARTER-KIT-EASY\starter-kit-easy\app\Support\VerificacaoAntiRobo.php">
        <class name="App\Support\VerificacaoAntiRobo" namespace="App\Support">
          <metrics complexity="7" methods="5" coveredmethods="5" conditionals="0" coveredconditionals="0" statements="27" coveredstatements="27" elements="32" coveredelements="32"/>
        </class>
        <line num="35" type="method" name="__construct" visibility="public" complexity="1" crap="1" count="45"/>
        <line num="39" type="stmt" count="45"/>
        <line num="42" type="method" name="getSiteKey" visibility="public" complexity="1" crap="1" count="40"/>
        <line num="44" type="stmt" count="40"/>
        <line num="47" type="method" name="getScriptUrl" visibility="public" complexity="1" crap="1" count="34"/>
        <line num="49" type="stmt" count="34"/>
        <line num="52" type="method" name="getView" visibility="public" complexity="1" crap="1" count="35"/>
        <line num="54" type="stmt" count="35"/>
        <line num="57" type="method" name="verify" visibility="public" complexity="3" crap="3" count="17"/>
        <line num="59" type="stmt" count="17"/>
        <line num="62" type="stmt" count="17"/>
        <line num="63" type="stmt" count="1"/>
        <line num="64" type="stmt" count="1"/>
        <line num="65" type="stmt" count="1"/>
        <line num="66" type="stmt" count="1"/>
        <line num="67" type="stmt" count="1"/>
        <line num="68" type="stmt" count="1"/>
        <line num="69" type="stmt" count="1"/>
        <line num="70" type="stmt" count="1"/>
        <line num="71" type="stmt" count="1"/>
        <line num="72" type="stmt" count="1"/>
        <line num="74" type="stmt" count="1"/>
        <line num="77" type="stmt" count="16"/>
        <line num="78" type="stmt" count="9"/>
        <line num="79" type="stmt" count="9"/>
        <line num="80" type="stmt" count="9"/>
        <line num="81" type="stmt" count="9"/>
        <line num="82" type="stmt" count="9"/>
        <line num="83" type="stmt" count="9"/>
        <line num="84" type="stmt" count="9"/>
        <line num="85" type="stmt" count="9"/>
        <line num="88" type="stmt" count="16"/>
        <metrics loc="91" ncloc="69" classes="1" methods="5" coveredmethods="5" conditionals="0" coveredconditionals="0" statements="27" coveredstatements="27" elements="32" coveredelements="32"/>
      </file>
      <file name="C:\PROJECTS\PACOTES\FILAMENTS\STARTER-KIT-EASY\starter-kit-easy\app\Support\VinculoDoSnyk.php">
        <class name="App\Support\VinculoDoSnyk" namespace="App\Support">
          <metrics complexity="4" methods="1" coveredmethods="1" conditionals="0" coveredconditionals="0" statements="8" coveredstatements="8" elements="9" coveredelements="9"/>
        </class>
        <line num="53" type="method" name="remover" visibility="public" complexity="4" crap="4" count="3"/>
        <line num="55" type="stmt" count="3"/>
        <line num="57" type="stmt" count="3"/>
        <line num="58" type="stmt" count="3"/>
        <line num="60" type="stmt" count="3"/>
        <line num="61" type="stmt" count="2"/>
        <line num="65" type="stmt" count="3"/>
        <line num="66" type="stmt" count="2"/>
        <line num="69" type="stmt" count="3"/>
        <metrics loc="72" ncloc="35" classes="1" methods="1" coveredmethods="1" conditionals="0" coveredconditionals="0" statements="8" coveredstatements="8" elements="9" coveredelements="9"/>
      </file>
    </package>
    <package name="App\Support\Casts">
      <file name="C:\PROJECTS\PACOTES\FILAMENTS\STARTER-KIT-EASY\starter-kit-easy\app\Support\Casts\BooleanoFlexivelCast.php">
        <class name="App\Support\Casts\BooleanoFlexivelCast" namespace="App\Support\Casts">
          <metrics complexity="4" methods="1" coveredmethods="0" conditionals="0" coveredconditionals="0" statements="5" coveredstatements="4" elements="6" coveredelements="4"/>
        </class>
        <line num="33" type="method" name="cast" visibility="public" complexity="4" crap="4.13" count="10"/>
        <line num="35" type="stmt" count="10"/>
        <line num="36" type="stmt" count="8"/>
        <line num="39" type="stmt" count="2"/>
        <line num="40" type="stmt" count="2"/>
        <line num="43" type="stmt" count="0"/>
        <metrics loc="46" ncloc="27" classes="1" methods="1" coveredmethods="0" conditionals="0" coveredconditionals="0" statements="5" coveredstatements="4" elements="6" coveredelements="4"/>
      </file>
    </package>
    <package name="App\Support\ImportExport">
      <file name="C:\PROJECTS\PACOTES\FILAMENTS\STARTER-KIT-EASY\starter-kit-easy\app\Support\ImportExport\ExportadorDoKit.php">
        <class name="App\Support\ImportExport\ExportadorDoKit" namespace="App\Support\ImportExport">
          <metrics complexity="1" methods="1" coveredmethods="1" conditionals="0" coveredconditionals="0" statements="4" coveredstatements="4" elements="5" coveredelements="5"/>
        </class>
        <line num="51" type="method" name="getColumns" visibility="public" complexity="1" crap="1" count="10"/>
        <line num="53" type="stmt" count="10"/>
        <line num="54" type="stmt" count="10"/>
        <line num="55" type="stmt" count="10"/>
        <line num="56" type="stmt" count="10"/>
        <metrics loc="59" ncloc="20" classes="1" methods="1" coveredmethods="1" conditionals="0" coveredconditionals="0" statements="4" coveredstatements="4" elements="5" coveredelements="5"/>
      </file>
      <file name="C:\PROJECTS\PACOTES\FILAMENTS\STARTER-KIT-EASY\starter-kit-easy\app\Support\ImportExport\ImportadorDoKit.php">
        <class name="App\Support\ImportExport\ImportadorDoKit" namespace="App\Support\ImportExport">
          <metrics complexity="19" methods="5" coveredmethods="4" conditionals="0" coveredconditionals="0" statements="45" coveredstatements="44" elements="50" coveredelements="48"/>
        </class>
        <line num="82" type="method" name="resolveRecord" visibility="public" complexity="3" crap="3" count="7"/>
        <line num="84" type="stmt" count="7"/>
        <line num="85" type="stmt" count="7"/>
        <line num="88" type="stmt" count="7"/>
        <line num="90" type="stmt" count="7"/>
        <line num="92" type="stmt" count="7"/>
        <line num="93" type="stmt" count="4"/>
        <line num="96" type="stmt" count="6"/>
        <line num="97" type="stmt" count="6"/>
        <line num="104" type="method" name="beforeSave" visibility="protected" complexity="3" crap="3" count="6"/>
        <line num="106" type="stmt" count="6"/>
        <line num="108" type="stmt" count="5"/>
        <line num="109" type="stmt" count="2"/>
        <line num="112" type="stmt" count="3"/>
        <line num="113" type="stmt" count="1"/>
        <line num="116" type="stmt" count="2"/>
        <line num="129" type="method" name="exigirPermissaoDoOperador" visibility="private" complexity="6" crap="6" count="6"/>
        <line num="131" type="stmt" count="6"/>
        <line num="132" type="stmt" count="6"/>
        <line num="133" type="stmt" count="6"/>
        <line num="135" type="stmt" count="6"/>
        <line num="136" type="stmt" count="6"/>
        <line num="138" type="stmt" count="6"/>
        <line num="139" type="stmt" count="5"/>
        <line num="142" type="stmt" count="1"/>
        <line num="143" type="stmt" count="1"/>
        <line num="144" type="stmt" count="1"/>
        <line num="145" type="stmt" count="1"/>
        <line num="146" type="stmt" count="1"/>
        <line num="148" type="stmt" count="1"/>
        <line num="149" type="stmt" count="1"/>
        <line num="150" type="stmt" count="1"/>
        <line num="162" type="method" name="exigeEscopoDeTenant" visibility="protected" complexity="4" crap="4.01" count="7"/>
        <line num="164" type="stmt" count="7"/>
        <line num="165" type="stmt" count="2"/>
        <line num="168" type="stmt" count="5"/>
        <line num="169" type="stmt" count="0"/>
        <line num="172" type="stmt" count="5"/>
        <line num="173" type="stmt" count="1"/>
        <line num="174" type="stmt" count="1"/>
        <line num="175" type="stmt" count="1"/>
        <line num="176" type="stmt" count="1"/>
        <line num="177" type="stmt" count="1"/>
        <line num="179" type="stmt" count="1"/>
        <line num="180" type="stmt" count="1"/>
        <line num="181" type="stmt" count="1"/>
        <line num="184" type="stmt" count="4"/>
        <line num="188" type="method" name="tenantId" visibility="protected" complexity="3" crap="3" count="5"/>
        <line num="190" type="stmt" count="5"/>
        <line num="192" type="stmt" count="5"/>
        <metrics loc="195" ncloc="108" classes="1" methods="5" coveredmethods="4" conditionals="0" coveredconditionals="0" statements="45" coveredstatements="44" elements="50" coveredelements="48"/>
      </file>
    </package>
    <package name="App\Traits">
      <file name="C:\PROJECTS\PACOTES\FILAMENTS\STARTER-KIT-EASY\starter-kit-easy\app\Traits\AuditsFillables.php">
        <class name="App\Traits\AuditsFillables" namespace="App\Traits">
          <metrics complexity="2" methods="2" coveredmethods="2" conditionals="0" coveredconditionals="0" statements="2" coveredstatements="2" elements="4" coveredelements="4"/>
        </class>
        <line num="21" type="method" name="getAuditInclude" visibility="public" complexity="1" crap="1" count="26"/>
        <line num="23" type="stmt" count="26"/>
        <line num="45" type="method" name="auditaAlemDoFillable" visibility="protected" complexity="1" crap="1" count="6"/>
        <line num="47" type="stmt" count="6"/>
        <metrics loc="50" ncloc="21" classes="1" methods="2" coveredmethods="2" conditionals="0" coveredconditionals="0" statements="2" coveredstatements="2" elements="4" coveredelements="4"/>
      </file>
      <file name="C:\PROJECTS\PACOTES\FILAMENTS\STARTER-KIT-EASY\starter-kit-easy\app\Traits\BelongsToTenant.php">
        <class name="App\Traits\BelongsToTenant" namespace="App\Traits">
          <metrics complexity="5" methods="2" coveredmethods="2" conditionals="0" coveredconditionals="0" statements="11" coveredstatements="11" elements="13" coveredelements="13"/>
        </class>
        <line num="62" type="method" name="bootBelongsToTenant" visibility="public" complexity="4" crap="4" count="60"/>
        <line num="64" type="stmt" count="60"/>
        <line num="65" type="stmt" count="35"/>
        <line num="67" type="stmt" count="35"/>
        <line num="68" type="stmt" count="27"/>
        <line num="70" type="stmt" count="60"/>
        <line num="72" type="stmt" count="60"/>
        <line num="73" type="stmt" count="38"/>
        <line num="75" type="stmt" count="38"/>
        <line num="76" type="stmt" count="28"/>
        <line num="78" type="stmt" count="60"/>
        <line num="82" type="method" name="tenant" visibility="public" complexity="1" crap="1" count="23"/>
        <line num="84" type="stmt" count="23"/>
        <metrics loc="87" ncloc="36" classes="1" methods="2" coveredmethods="2" conditionals="0" coveredconditionals="0" statements="11" coveredstatements="11" elements="13" coveredelements="13"/>
      </file>
      <file name="C:\PROJECTS\PACOTES\FILAMENTS\STARTER-KIT-EASY\starter-kit-easy\app\Traits\ModeloCacheavel.php">
        <class name="App\Traits\ModeloCacheavel" namespace="App\Traits">
          <metrics complexity="0" methods="0" coveredmethods="0" conditionals="0" coveredconditionals="0" statements="0" coveredstatements="0" elements="0" coveredelements="0"/>
        </class>
        <metrics loc="20" ncloc="13" classes="0" methods="0" coveredmethods="0" conditionals="0" coveredconditionals="0" statements="0" coveredstatements="0" elements="0" coveredelements="0"/>
      </file>
      <file name="C:\PROJECTS\PACOTES\FILAMENTS\STARTER-KIT-EASY\starter-kit-easy\app\Traits\TemUuid.php">
        <class name="App\Traits\TemUuid" namespace="App\Traits">
          <metrics complexity="2" methods="2" coveredmethods="2" conditionals="0" coveredconditionals="0" statements="2" coveredstatements="2" elements="4" coveredelements="4"/>
        </class>
        <line num="30" type="method" name="uniqueIds" visibility="public" complexity="1" crap="1" count="2013"/>
        <line num="32" type="stmt" count="2013"/>
        <line num="35" type="method" name="getRouteKeyName" visibility="public" complexity="1" crap="1" count="207"/>
        <line num="37" type="stmt" count="207"/>
        <metrics loc="40" ncloc="21" classes="1" methods="2" coveredmethods="2" conditionals="0" coveredconditionals="0" statements="2" coveredstatements="2" elements="4" coveredelements="4"/>
      </file>
    </package>
    <metrics files="240" loc="34511" ncloc="22317" classes="228" methods="1189" coveredmethods="745" conditionals="0" coveredconditionals="0" statements="9848" coveredstatements="7858" elements="11037" coveredelements="8603"/>
  </project>
</coverage>
